[debug] [2023-06-17T06:17:41.649Z] ----------------------------------------------------------------------
[debug] [2023-06-17T06:17:41.651Z] Command:       C:\Program Files\nodejs\node.exe C:\Users\admin\AppData\Roaming\npm\node_modules\firebase-tools\lib\bin\firebase.js deploy
[debug] [2023-06-17T06:17:41.651Z] CLI Version:   12.4.0
[debug] [2023-06-17T06:17:41.651Z] Platform:      win32
[debug] [2023-06-17T06:17:41.651Z] Node Version:  v19.6.1
[debug] [2023-06-17T06:17:41.651Z] Time:          Fri Jun 16 2023 23:17:41 GMT-0700 (Pacific Daylight Time)
[debug] [2023-06-17T06:17:41.651Z] ----------------------------------------------------------------------
[debug] 
[debug] [2023-06-17T06:17:41.693Z] > command requires scopes: ["email","openid","https://www.googleapis.com/auth/cloudplatformprojects.readonly","https://www.googleapis.com/auth/firebase","https://www.googleapis.com/auth/cloud-platform"]
[debug] [2023-06-17T06:17:41.693Z] > authorizing via signed-in user (bryant.j.kwong@gmail.com)
[debug] [2023-06-17T06:17:41.693Z] [iam] checking project nft-nexus-b7c42 for permissions ["firebase.projects.get","firebasehosting.sites.update"]
[debug] [2023-06-17T06:17:41.695Z] >>> [apiv2][query] POST https://cloudresourcemanager.googleapis.com/v1/projects/nft-nexus-b7c42:testIamPermissions [none]
[debug] [2023-06-17T06:17:41.695Z] >>> [apiv2][(partial)header] POST https://cloudresourcemanager.googleapis.com/v1/projects/nft-nexus-b7c42:testIamPermissions x-goog-quota-user=projects/nft-nexus-b7c42
[debug] [2023-06-17T06:17:41.695Z] >>> [apiv2][body] POST https://cloudresourcemanager.googleapis.com/v1/projects/nft-nexus-b7c42:testIamPermissions {"permissions":["firebase.projects.get","firebasehosting.sites.update"]}
[debug] [2023-06-17T06:17:41.944Z] <<< [apiv2][status] POST https://cloudresourcemanager.googleapis.com/v1/projects/nft-nexus-b7c42:testIamPermissions 200
[debug] [2023-06-17T06:17:41.944Z] <<< [apiv2][body] POST https://cloudresourcemanager.googleapis.com/v1/projects/nft-nexus-b7c42:testIamPermissions {"permissions":["firebase.projects.get","firebasehosting.sites.update"]}
[debug] [2023-06-17T06:17:41.946Z] >>> [apiv2][query] GET https://firebase.googleapis.com/v1beta1/projects/nft-nexus-b7c42 [none]
[debug] [2023-06-17T06:17:42.226Z] <<< [apiv2][status] GET https://firebase.googleapis.com/v1beta1/projects/nft-nexus-b7c42 200
[debug] [2023-06-17T06:17:42.227Z] <<< [apiv2][body] GET https://firebase.googleapis.com/v1beta1/projects/nft-nexus-b7c42 {"projectId":"nft-nexus-b7c42","projectNumber":"69535583634","displayName":"NFT Nexus","name":"projects/nft-nexus-b7c42","resources":{"hostingSite":"nft-nexus-b7c42"},"state":"ACTIVE","etag":"1_cdb2c53f-43f2-4432-8bb0-c90ebab3a528"}
[info] 
   Thank you for trying our early preview of Next.js support on Firebase Hosting.
   During the preview, support is best-effort and breaking changes can be expected. Proceed with caution.

   Documentation: https://firebase.google.com/docs/hosting/frameworks/nextjs
   File a bug: https://github.com/firebase/firebase-tools/issues/new?template=bug_report.md
   Submit a feature request: https://github.com/firebase/firebase-tools/issues/new?template=feature_request.md

   We'd love to learn from you. Express your interest in helping us shape the future of Firebase Hosting: https://goo.gle/41enW5X

[debug] [2023-06-17T06:31:23.922Z] ----------------------------------------------------------------------
[debug] [2023-06-17T06:31:23.924Z] Command:       C:\Program Files\nodejs\node.exe C:\Users\admin\AppData\Roaming\npm\node_modules\firebase-tools\lib\bin\firebase.js deploy
[debug] [2023-06-17T06:31:23.924Z] CLI Version:   12.4.0
[debug] [2023-06-17T06:31:23.924Z] Platform:      win32
[debug] [2023-06-17T06:31:23.924Z] Node Version:  v19.6.1
[debug] [2023-06-17T06:31:23.925Z] Time:          Fri Jun 16 2023 23:31:23 GMT-0700 (Pacific Daylight Time)
[debug] [2023-06-17T06:31:23.925Z] ----------------------------------------------------------------------
[debug] 
[debug] [2023-06-17T06:31:23.965Z] > command requires scopes: ["email","openid","https://www.googleapis.com/auth/cloudplatformprojects.readonly","https://www.googleapis.com/auth/firebase","https://www.googleapis.com/auth/cloud-platform"]
[debug] [2023-06-17T06:31:23.966Z] > authorizing via signed-in user (bryant.j.kwong@gmail.com)
[debug] [2023-06-17T06:31:23.966Z] [iam] checking project nft-nexus-b7c42 for permissions ["firebase.projects.get","firebasehosting.sites.update"]
[debug] [2023-06-17T06:31:23.967Z] >>> [apiv2][query] POST https://cloudresourcemanager.googleapis.com/v1/projects/nft-nexus-b7c42:testIamPermissions [none]
[debug] [2023-06-17T06:31:23.967Z] >>> [apiv2][(partial)header] POST https://cloudresourcemanager.googleapis.com/v1/projects/nft-nexus-b7c42:testIamPermissions x-goog-quota-user=projects/nft-nexus-b7c42
[debug] [2023-06-17T06:31:23.967Z] >>> [apiv2][body] POST https://cloudresourcemanager.googleapis.com/v1/projects/nft-nexus-b7c42:testIamPermissions {"permissions":["firebase.projects.get","firebasehosting.sites.update"]}
[debug] [2023-06-17T06:31:24.242Z] <<< [apiv2][status] POST https://cloudresourcemanager.googleapis.com/v1/projects/nft-nexus-b7c42:testIamPermissions 200
[debug] [2023-06-17T06:31:24.242Z] <<< [apiv2][body] POST https://cloudresourcemanager.googleapis.com/v1/projects/nft-nexus-b7c42:testIamPermissions {"permissions":["firebase.projects.get","firebasehosting.sites.update"]}
[debug] [2023-06-17T06:31:24.243Z] >>> [apiv2][query] GET https://firebase.googleapis.com/v1beta1/projects/nft-nexus-b7c42 [none]
[debug] [2023-06-17T06:31:24.485Z] <<< [apiv2][status] GET https://firebase.googleapis.com/v1beta1/projects/nft-nexus-b7c42 200
[debug] [2023-06-17T06:31:24.485Z] <<< [apiv2][body] GET https://firebase.googleapis.com/v1beta1/projects/nft-nexus-b7c42 {"projectId":"nft-nexus-b7c42","projectNumber":"69535583634","displayName":"NFT Nexus","name":"projects/nft-nexus-b7c42","resources":{"hostingSite":"nft-nexus-b7c42"},"state":"ACTIVE","etag":"1_cdb2c53f-43f2-4432-8bb0-c90ebab3a528"}
[info] 
   Thank you for trying our early preview of Next.js support on Firebase Hosting.
   During the preview, support is best-effort and breaking changes can be expected. Proceed with caution.

   Documentation: https://firebase.google.com/docs/hosting/frameworks/nextjs
   File a bug: https://github.com/firebase/firebase-tools/issues/new?template=bug_report.md
   Submit a feature request: https://github.com/firebase/firebase-tools/issues/new?template=feature_request.md

   We'd love to learn from you. Express your interest in helping us shape the future of Firebase Hosting: https://goo.gle/41enW5X

